Unit lvm2-activation.service could not be found.
● lvm2-lvmetad.service - LVM2 metadata daemon
   Loaded: loaded (/usr/lib/systemd/system/lvm2-lvmetad.service; static; vendor preset: disabled)
   Active: inactive (dead) since Mon 2018-12-17 16:58:25 EST; 27ms ago
     Docs: man:lvmetad(8)
  Process: 302 ExecStart=/usr/bin/lvmetad -f (code=exited, status=0/SUCCESS)
 Main PID: 302 (code=exited, status=0/SUCCESS)

Dec 17 16:58:25 lumen systemd[1]: Stopping LVM2 metadata daemon...
Dec 17 16:58:25 lumen systemd[1]: Stopped LVM2 metadata daemon.
Warning: Journal has been rotated since unit was started. Log output is incomplete or unavailable.
● lvm2-lvmpolld.service - LVM2 poll daemon
   Loaded: loaded (/usr/lib/systemd/system/lvm2-lvmpolld.service; static; vendor preset: disabled)
   Active: inactive (dead)
     Docs: man:lvmpolld(8)
● lvm2-monitor.service - Monitoring of LVM2 mirrors, snapshots etc. using dmeventd or progress polling
   Loaded: loaded (/usr/lib/systemd/system/lvm2-monitor.service; static; vendor preset: disabled)
   Active: failed (Result: timeout) since Mon 2018-12-17 17:00:23 EST; 31ms ago
     Docs: man:dmeventd(8)
           man:lvcreate(8)
           man:lvchange(8)
           man:vgchange(8)
  Process: 26035 ExecStop=/usr/bin/lvm vgchange --monitor n --ignoreskippedcluster (code=killed, signal=TERM)
 Main PID: 289 (code=exited, status=0/SUCCESS)

Dec 16 12:29:18 lumen lvm[289]:   /dev/sdb3: stat failed: No such file or directory
Dec 16 12:29:18 lumen lvm[289]:   Path /dev/sdb3 no longer valid for device(8,19)
Dec 16 12:29:18 lumen lvm[289]:   /dev/sdc1: stat failed: No such file or directory
Dec 16 12:29:18 lumen lvm[289]:   Path /dev/sdc1 no longer valid for device(8,33)
Dec 16 12:29:18 lumen systemd[1]: Started Monitoring of LVM2 mirrors, snapshots etc. using dmeventd or progress polling.
Dec 17 16:58:53 lumen systemd[1]: Stopping Monitoring of LVM2 mirrors, snapshots etc. using dmeventd or progress polling...
Dec 17 17:00:23 lumen systemd[1]: lvm2-monitor.service: Stopping timed out. Terminating.
Dec 17 17:00:23 lumen systemd[1]: lvm2-monitor.service: Control process exited, code=killed status=15
Dec 17 17:00:23 lumen systemd[1]: lvm2-monitor.service: Failed with result 'timeout'.
Dec 17 17:00:23 lumen systemd[1]: Stopped Monitoring of LVM2 mirrors, snapshots etc. using dmeventd or progress polling.
