Processing manual pages under /usr/share/man...
Checking for stray cats under /usr/share/man...
Checking for stray cats under /var/cache/man...
Processing manual pages under /usr/share/man/cs...
Checking for stray cats under /usr/share/man/cs...
Checking for stray cats under /var/cache/man/cs...
Processing manual pages under /usr/share/man/da...
Checking for stray cats under /usr/share/man/da...
Checking for stray cats under /var/cache/man/da...
Processing manual pages under /usr/share/man/de...
Checking for stray cats under /usr/share/man/de...
Checking for stray cats under /var/cache/man/de...
Processing manual pages under /usr/share/man/fr...
Checking for stray cats under /usr/share/man/fr...
Checking for stray cats under /var/cache/man/fr...
Processing manual pages under /usr/share/man/hu...
Checking for stray cats under /usr/share/man/hu...
Checking for stray cats under /var/cache/man/hu...
Processing manual pages under /usr/share/man/id...
Checking for stray cats under /usr/share/man/id...
Checking for stray cats under /var/cache/man/id...
Processing manual pages under /usr/share/man/it...
Checking for stray cats under /usr/share/man/it...
Checking for stray cats under /var/cache/man/it...
Processing manual pages under /usr/share/man/ja...
Checking for stray cats under /usr/share/man/ja...
Checking for stray cats under /var/cache/man/ja...
Processing manual pages under /usr/share/man/ko...
Checking for stray cats under /usr/share/man/ko...
Checking for stray cats under /var/cache/man/ko...
Processing manual pages under /usr/share/man/pl...
Checking for stray cats under /usr/share/man/pl...
Checking for stray cats under /var/cache/man/pl...
Processing manual pages under /usr/share/man/pt_BR...
Checking for stray cats under /usr/share/man/pt_BR...
Checking for stray cats under /var/cache/man/pt_BR...
Processing manual pages under /usr/share/man/ru...
Checking for stray cats under /usr/share/man/ru...
Checking for stray cats under /var/cache/man/ru...
Processing manual pages under /usr/share/man/sv...
Checking for stray cats under /usr/share/man/sv...
Checking for stray cats under /var/cache/man/sv...
Processing manual pages under /usr/share/man/tr...
Checking for stray cats under /usr/share/man/tr...
Checking for stray cats under /var/cache/man/tr...
Processing manual pages under /usr/share/man/zh_CN...
Checking for stray cats under /usr/share/man/zh_CN...
Checking for stray cats under /var/cache/man/zh_CN...
Processing manual pages under /usr/share/man/zh_TW...
Checking for stray cats under /usr/share/man/zh_TW...
Checking for stray cats under /var/cache/man/zh_TW...
Processing manual pages under /usr/share/man/es...
Checking for stray cats under /usr/share/man/es...
Checking for stray cats under /var/cache/man/es...
Processing manual pages under /usr/share/man/nl...
Checking for stray cats under /usr/share/man/nl...
Checking for stray cats under /var/cache/man/nl...
Processing manual pages under /usr/share/man/pt...
Checking for stray cats under /usr/share/man/pt...
Checking for stray cats under /var/cache/man/pt...
Processing manual pages under /usr/share/man/sr...
Checking for stray cats under /usr/share/man/sr...
Checking for stray cats under /var/cache/man/sr...
Processing manual pages under /usr/share/man/da.ISO8859-1...
Checking for stray cats under /usr/share/man/da.ISO8859-1...
Checking for stray cats under /var/cache/man/da.ISO8859-1...
Processing manual pages under /usr/share/man/da.UTF-8...
Checking for stray cats under /usr/share/man/da.UTF-8...
Checking for stray cats under /var/cache/man/da.UTF-8...
Processing manual pages under /usr/share/man/de.ISO8859-1...
Checking for stray cats under /usr/share/man/de.ISO8859-1...
Checking for stray cats under /var/cache/man/de.ISO8859-1...
Processing manual pages under /usr/share/man/de.UTF-8...
Checking for stray cats under /usr/share/man/de.UTF-8...
Checking for stray cats under /var/cache/man/de.UTF-8...
Processing manual pages under /usr/share/man/fr.ISO8859-1...
Checking for stray cats under /usr/share/man/fr.ISO8859-1...
Checking for stray cats under /var/cache/man/fr.ISO8859-1...
Processing manual pages under /usr/share/man/fr.UTF-8...
Checking for stray cats under /usr/share/man/fr.UTF-8...
Checking for stray cats under /var/cache/man/fr.UTF-8...
Processing manual pages under /usr/share/man/it.ISO8859-1...
Checking for stray cats under /usr/share/man/it.ISO8859-1...
Checking for stray cats under /var/cache/man/it.ISO8859-1...
Processing manual pages under /usr/share/man/it.UTF-8...
Checking for stray cats under /usr/share/man/it.UTF-8...
Checking for stray cats under /var/cache/man/it.UTF-8...
Processing manual pages under /usr/share/man/pl.ISO8859-2...
Checking for stray cats under /usr/share/man/pl.ISO8859-2...
Checking for stray cats under /var/cache/man/pl.ISO8859-2...
Processing manual pages under /usr/share/man/pl.UTF-8...
Checking for stray cats under /usr/share/man/pl.UTF-8...
Checking for stray cats under /var/cache/man/pl.UTF-8...
Processing manual pages under /usr/share/man/ru.KOI8-R...
Checking for stray cats under /usr/share/man/ru.KOI8-R...
Checking for stray cats under /var/cache/man/ru.KOI8-R...
Processing manual pages under /usr/share/man/ru.UTF-8...
Checking for stray cats under /usr/share/man/ru.UTF-8...
Checking for stray cats under /var/cache/man/ru.UTF-8...
Processing manual pages under /usr/share/man/uk...
Checking for stray cats under /usr/share/man/uk...
Checking for stray cats under /var/cache/man/uk...
Processing manual pages under /usr/share/man/sl...
Checking for stray cats under /usr/share/man/sl...
Checking for stray cats under /var/cache/man/sl...
Processing manual pages under /usr/share/man/el...
Checking for stray cats under /usr/share/man/el...
Checking for stray cats under /var/cache/man/el...
Processing manual pages under /usr/share/man/eo...
Checking for stray cats under /usr/share/man/eo...
Checking for stray cats under /var/cache/man/eo...
Processing manual pages under /usr/share/man/fi...
Checking for stray cats under /usr/share/man/fi...
Checking for stray cats under /var/cache/man/fi...
Processing manual pages under /usr/share/man/hr...
Checking for stray cats under /usr/share/man/hr...
Checking for stray cats under /var/cache/man/hr...
Processing manual pages under /usr/share/man/nb...
Checking for stray cats under /usr/share/man/nb...
Checking for stray cats under /var/cache/man/nb...
Processing manual pages under /usr/share/man/ta...
Checking for stray cats under /usr/share/man/ta...
Checking for stray cats under /var/cache/man/ta...
Processing manual pages under /usr/share/man/vi...
Checking for stray cats under /usr/share/man/vi...
Checking for stray cats under /var/cache/man/vi...
Processing manual pages under /usr/share/man/ca...
Checking for stray cats under /usr/share/man/ca...
Checking for stray cats under /var/cache/man/ca...
Processing manual pages under /usr/share/man/jp...
Checking for stray cats under /usr/share/man/jp...
Checking for stray cats under /var/cache/man/jp...
Processing manual pages under /usr/local/man...
100 man subdirectories contained newer manual pages.
22742 manual pages were added.
0 stray cats were added.
0 old database entries were purged.
